{"level":"info","message":"Login : SuccessS"}
{"level":"info","message":"Request To check Premium: Success."}
{"level":"info","message":"Got Expenses : Success"}
{"level":"info","message":"Got Expense Sum : Success"}
{"level":"info","message":"Got Expense Sum : Success"}
{"level":"info","message":"Got Expense Sum : Success"}
{"level":"info","message":"Got Expense Sum : Success"}
{"level":"info","message":"Got Expense Sum : Success"}
{"level":"info","message":"Got Expense Sum : Success"}
{"level":"info","message":"Got Expense Sum : Success"}
{"level":"info","message":"Got Expense Sum : Success"}
{"level":"info","message":"Got Expense Sum : Success"}
{"level":"info","message":"Got Expenses By Category : Success"}
{"level":"info","message":"Got Expense Sum : Success"}
{"level":"info","message":"Got Expenses By Category : Success"}
{"level":"info","message":"Got Expense Sum : Success"}
{"level":"info","message":"Got Expense Sum : Success"}
{"level":"info","message":"Got Expenses By Category : Success"}
{"level":"info","message":"Got Expense Sum : Success"}
{"level":"info","message":"Got Expenses By Category : Success"}
{"level":"info","message":"Got Expense Sum : Success"}
{"level":"info","message":"Got Expenses By Category : Success"}
{"level":"info","message":"Got Expenses By Category : Success"}
{"level":"info","message":"Got Expenses By Category : Success"}
{"level":"info","message":"Got LeaderBoard Array : Success"}
{"level":"info","message":"Got LeaderBoard Array : Success"}
{"level":"info","message":"Request To check Premium: Success."}
{"level":"info","message":"Got Expenses : Success"}
{"level":"info","message":"Got Expense Sum : Success"}
{"level":"info","message":"Got Expense Sum : Success"}
{"level":"info","message":"Got Expense Sum : Success"}
{"level":"info","message":"Got Expense Sum : Success"}
{"level":"info","message":"Got Expense Sum : Success"}
{"level":"info","message":"Got Expense Sum : Success"}
{"level":"info","message":"Got Expense Sum : Success"}
{"level":"info","message":"Got Expense Sum : Success"}
{"level":"info","message":"Got Expense Sum : Success"}
{"level":"info","message":"Got Expenses By Category : Success"}
{"level":"info","message":"Got Expense Sum : Success"}
{"level":"info","message":"Got Expenses By Category : Success"}
{"level":"info","message":"Got Expense Sum : Success"}
{"level":"info","message":"Got Expenses By Category : Success"}
{"level":"info","message":"Got Expense Sum : Success"}
{"level":"info","message":"Got Expenses By Category : Success"}
{"level":"info","message":"Got Expense Sum : Success"}
{"level":"info","message":"Got Expenses By Category : Success"}
{"level":"info","message":"Got Expense Sum : Success"}
{"level":"info","message":"Got Expenses By Category : Success"}
{"level":"info","message":"Got Expenses By Category : Success"}
{"level":"info","message":"Download Expense : Success."}
{"level":"info","message":"Login : SuccessS"}
{"level":"info","message":"Request To check Premium: Success."}
{"level":"info","message":"Got Expenses : Success"}
{"level":"info","message":"Got Expense Sum : Success"}
{"level":"info","message":"Got Expense Sum : Success"}
{"level":"info","message":"Got Expense Sum : Success"}
{"level":"info","message":"Got Expense Sum : Success"}
{"level":"info","message":"Got Expense Sum : Success"}
{"level":"info","message":"Got Expense Sum : Success"}
{"level":"info","message":"Got Expense Sum : Success"}
{"level":"info","message":"Got Expense Sum : Success"}
{"level":"info","message":"Got Expense Sum : Success"}
{"level":"info","message":"Got Expenses By Category : Success"}
{"level":"info","message":"Got Expense Sum : Success"}
{"level":"info","message":"Got Expenses By Category : Success"}
{"level":"info","message":"Got Expense Sum : Success"}
{"level":"info","message":"Got Expense Sum : Success"}
{"level":"info","message":"Got Expense Sum : Success"}
{"level":"info","message":"Got Expenses By Category : Success"}
{"level":"info","message":"Got Expense Sum : Success"}
{"level":"info","message":"Got Expenses By Category : Success"}
{"level":"info","message":"Got Expenses By Category : Success"}
{"level":"info","message":"Got Expenses By Category : Success"}
{"level":"info","message":"Got Expenses By Category : Success"}
{"level":"info","message":"Got LeaderBoard Array : Success"}
